0.001049
0.001070
0.001071
0.001071
0.001072
0.001072
0.001072
0.001072
0.001073
0.001073
0.001073
0.001073
0.001074
0.001074
0.001074
0.001074
0.001075
0.001075
0.001075
0.001075
0.001076
0.001076
0.001076
0.001076
0.001077
0.001077
0.001077
0.001077
0.001078
0.001078
0.001078
0.001078
0.001079
0.001079
0.001079
0.001079
0.001080
0.001080
0.001080
0.001080
0.001081
0.001081
0.001081
0.001081
0.001082
0.001082
0.001082
0.001082
0.001083
0.001083
0.001083
0.001084
0.001084
0.001084
0.001084
0.001085
0.001085
0.001085
0.001085
0.001086
0.001086
0.001086
0.001086
0.001087
0.001087
0.001087
0.001087
0.001088
0.001088
0.001088
0.001088
0.001089
0.001089
0.001089
0.001089
0.001090
0.001090
0.001090
0.001090
0.001091
0.001091
0.001091
0.001091
0.001092
0.001092
0.001092
0.001092
0.001093
0.001093
0.001093
0.001093
0.001094
0.001094
0.001094
0.001094
0.001095
0.001095
0.001095
0.001095
0.001096
