0.001106
0.001127
0.001128
0.001128
0.001129
0.001129
0.001129
0.001129
0.001130
0.001130
0.001130
0.001130
0.001131
0.001131
0.001131
0.001131
0.001132
0.001132
0.001132
0.001133
0.001133
0.001133
0.001133
0.001134
0.001134
0.001134
0.001134
0.001135
0.001135
0.001135
0.001136
0.001136
0.001136
0.001136
0.001137
0.001137
0.001137
0.001137
0.001138
0.001138
0.001138
0.001138
0.001139
0.001139
0.001139
0.001139
0.001140
0.001140
0.001140
0.001140
0.001141
0.001141
0.001141
0.001142
0.001142
0.001142
0.001142
0.001143
0.001143
0.001143
0.001143
0.001144
0.001144
0.001144
0.001144
0.001145
0.001145
0.001145
0.001145
0.001146
0.001146
0.001146
0.001147
0.001147
0.001147
0.001147
0.001148
0.001148
0.001148
0.001148
0.001149
0.001149
0.001149
0.001149
0.001150
0.001150
0.001150
0.001151
0.001151
0.001151
0.001151
0.001152
0.001152
0.001152
0.001152
0.001153
0.001153
0.001153
0.001154
0.001154
