0.001948
0.001974
0.001975
0.001975
0.001975
0.001976
0.001976
0.001976
0.001976
0.001977
0.001977
0.001977
0.001977
0.001978
0.001978
0.001978
0.001978
0.001979
0.001979
0.001979
0.001979
0.001980
0.001980
0.001980
0.001980
0.001981
0.001981
0.001981
0.001982
0.001982
0.001982
0.001982
0.001983
0.001983
0.001983
0.001983
0.001984
0.001984
0.001984
0.001984
0.001984
0.001985
0.001985
0.001985
0.001985
0.001986
0.001986
0.001986
0.001986
0.001987
0.001987
0.001987
0.001987
0.001988
0.001988
0.001988
0.001988
0.001989
0.001989
0.001989
0.001989
0.001990
0.001990
0.001990
0.001990
0.001991
0.001991
0.001991
0.001991
0.001992
0.001992
0.001992
0.001992
0.001993
0.001993
0.001993
0.001993
0.001994
0.001994
0.001994
0.001994
0.001995
0.001995
0.001995
0.001995
0.001995
0.001996
0.001996
0.001996
0.001996
0.001997
0.001997
0.001997
0.001997
0.001998
0.001998
0.001998
0.001998
0.001999
0.001999
